<?xml version="1.0" encoding="UTF-8"?>
<!-- Generated by org.testng.reporters.JUnitReportReporter -->
<testsuite skipped="0" hostname="Comets-MBP.attlocal.net" name="tests.AutomationPracticalTestsTestNG" tests="3" failures="0" timestamp="2023-02-19T17:47:10 CST" time="24.852" errors="0">
  <testcase name="userShouldBeAbleToAddUniqueCategoryName" time="13.973" classname="tests.AutomationPracticalTestsTestNG"/>
  <system-out/>
  <testcase name="userShouldBeUnableToAddDupicateCategoryName" time="8.284" classname="tests.AutomationPracticalTestsTestNG"/>
  <system-out/>
  <testcase name="validateMonthsDropDown" time="2.595" classname="tests.AutomationPracticalTestsTestNG"/>
  <system-out/>
</testsuite> <!-- tests.AutomationPracticalTestsTestNG -->
