<?xml version="1.0" encoding="UTF-8"?>
<!-- Generated by org.testng.reporters.JUnitReportReporter -->
<testsuite skipped="0" hostname="Comets-MBP.attlocal.net" name="tests.AutomationPracticalTestsTestNG" tests="3" failures="0" timestamp="2023-02-19T17:20:03 CST" time="25.634" errors="0">
  <testcase name="userShouldBeAbleToAddUniqueCategoryName" time="14.138" classname="tests.AutomationPracticalTestsTestNG"/>
  <system-out/>
  <testcase name="userShouldBeUnableToAddDupicateCategoryName" time="8.263" classname="tests.AutomationPracticalTestsTestNG"/>
  <system-out/>
  <testcase name="validateMonthsDropDown" time="3.233" classname="tests.AutomationPracticalTestsTestNG"/>
  <system-out/>
</testsuite> <!-- tests.AutomationPracticalTestsTestNG -->
