<?xml version="1.0" encoding="UTF-8"?>
<!-- Generated by org.testng.reporters.JUnitReportReporter -->
<testsuite skipped="0" hostname="Comets-MBP.attlocal.net" name="tests.AutomationPracticalTestsTestNG" tests="3" failures="0" timestamp="2023-02-11T21:08:54 CST" time="23.425" errors="0">
  <testcase name="userShouldBeAbleToAddUniqueCategoryName" time="12.764" classname="tests.AutomationPracticalTestsTestNG"/>
  <system-out/>
  <testcase name="userShouldBeUnableToAddDupicateCategoryName" time="8.657" classname="tests.AutomationPracticalTestsTestNG"/>
  <system-out/>
  <testcase name="validateMonthsDropDown" time="2.004" classname="tests.AutomationPracticalTestsTestNG"/>
  <system-out/>
</testsuite> <!-- tests.AutomationPracticalTestsTestNG -->
