<?xml version="1.0" encoding="UTF-8"?>
<!-- Generated by org.testng.reporters.JUnitReportReporter -->
<testsuite skipped="0" hostname="Comets-MBP.attlocal.net" name="tests.AutomationPracticalTestsTestNG" tests="3" failures="0" timestamp="2023-02-22T21:29:02 CST" time="31.522" errors="0">
  <testcase name="userShouldBeAbleToAddUniqueCategoryName" time="17.934" classname="tests.AutomationPracticalTestsTestNG"/>
  <system-out/>
  <testcase name="userShouldBeUnableToAddDupicateCategoryName" time="9.665" classname="tests.AutomationPracticalTestsTestNG"/>
  <system-out/>
  <testcase name="validateMonthsDropDown" time="3.923" classname="tests.AutomationPracticalTestsTestNG"/>
  <system-out/>
</testsuite> <!-- tests.AutomationPracticalTestsTestNG -->
